0 info it worked if it ends with ok
1 verbose cli [ '/Users/andrey/.nvm/versions/node/v6.9.5/bin/node',
1 verbose cli   '/Users/andrey/.nvm/versions/node/v6.9.5/bin/npm',
1 verbose cli   'run',
1 verbose cli   'build' ]
2 info using npm@3.10.10
3 info using node@v6.9.5
4 verbose run-script [ 'prebuild', 'build', 'postbuild' ]
5 info lifecycle cyber-ui@0.0.1~prebuild: cyber-ui@0.0.1
6 silly lifecycle cyber-ui@0.0.1~prebuild: no script for prebuild, continuing
7 info lifecycle cyber-ui@0.0.1~build: cyber-ui@0.0.1
8 verbose lifecycle cyber-ui@0.0.1~build: unsafe-perm in lifecycle true
9 verbose lifecycle cyber-ui@0.0.1~build: PATH: /Users/andrey/.nvm/versions/node/v6.9.5/lib/node_modules/npm/bin/node-gyp-bin:/Users/andrey/projects/cyberFund/cyber-ui/node_modules/.bin:/Users/andrey/.nvm/versions/node/v6.9.5/bin:/Users/andrey/.rvm/gems/ruby-2.1.0/bin:/Users/andrey/.rvm/gems/ruby-2.1.0@global/bin:/Users/andrey/.rvm/rubies/ruby-2.1.0/bin:/opt/local/bin:/opt/local/sbin:/usr/local/mysql/bin:/usr/local/bin:/usr/bin:/bin:/usr/sbin:/sbin:/Users/andrey/.rvm/bin:/Users/andrey/.rvm/bin
10 verbose lifecycle cyber-ui@0.0.1~build: CWD: /Users/andrey/projects/cyberFund/cyber-ui
11 silly lifecycle cyber-ui@0.0.1~build: Args: [ '-c',
11 silly lifecycle   'webpack -p --env.NODE_ENV production --env.SOURCE_MAP source-map' ]
12 silly lifecycle cyber-ui@0.0.1~build: Returned: code: 2  signal: null
13 info lifecycle cyber-ui@0.0.1~build: Failed to exec build script
14 verbose stack Error: cyber-ui@0.0.1 build: `webpack -p --env.NODE_ENV production --env.SOURCE_MAP source-map`
14 verbose stack Exit status 2
14 verbose stack     at EventEmitter.<anonymous> (/Users/andrey/.nvm/versions/node/v6.9.5/lib/node_modules/npm/lib/utils/lifecycle.js:255:16)
14 verbose stack     at emitTwo (events.js:106:13)
14 verbose stack     at EventEmitter.emit (events.js:191:7)
14 verbose stack     at ChildProcess.<anonymous> (/Users/andrey/.nvm/versions/node/v6.9.5/lib/node_modules/npm/lib/utils/spawn.js:40:14)
14 verbose stack     at emitTwo (events.js:106:13)
14 verbose stack     at ChildProcess.emit (events.js:191:7)
14 verbose stack     at maybeClose (internal/child_process.js:877:16)
14 verbose stack     at Process.ChildProcess._handle.onexit (internal/child_process.js:226:5)
15 verbose pkgid cyber-ui@0.0.1
16 verbose cwd /Users/andrey/projects/cyberFund/cyber-ui
17 error Darwin 16.7.0
18 error argv "/Users/andrey/.nvm/versions/node/v6.9.5/bin/node" "/Users/andrey/.nvm/versions/node/v6.9.5/bin/npm" "run" "build"
19 error node v6.9.5
20 error npm  v3.10.10
21 error code ELIFECYCLE
22 error cyber-ui@0.0.1 build: `webpack -p --env.NODE_ENV production --env.SOURCE_MAP source-map`
22 error Exit status 2
23 error Failed at the cyber-ui@0.0.1 build script 'webpack -p --env.NODE_ENV production --env.SOURCE_MAP source-map'.
23 error Make sure you have the latest version of node.js and npm installed.
23 error If you do, this is most likely a problem with the cyber-ui package,
23 error not with npm itself.
23 error Tell the author that this fails on your system:
23 error     webpack -p --env.NODE_ENV production --env.SOURCE_MAP source-map
23 error You can get information on how to open an issue for this project with:
23 error     npm bugs cyber-ui
23 error Or if that isn't available, you can get their info via:
23 error     npm owner ls cyber-ui
23 error There is likely additional logging output above.
24 verbose exit [ 1, true ]
